This is pdfTeXk, Version 3.14159-1.10b (Web2C 7.4.5) (format=pdflatex 2003.8.8)  24 AUG 2004 12:57
 file:line:error style messages enabled.
**\nonstopmode \input /home/staff/paul/Research/Rstuff/Integration/gridBase/ins
t/doc/gridBase.tex
(/home/staff/paul/Research/Rstuff/Integration/gridBase/inst/doc/gridBase.tex
(/usr/share/texmf/tex/latex/base/article.cls
Document Class: article 2001/04/21 v1.4e Standard LaTeX document class
(/usr/share/texmf/tex/latex/base/size10.clo
File: size10.clo 2001/04/21 v1.4e Standard LaTeX file (size option)
)
\c@part=\count79
\c@section=\count80
\c@subsection=\count81
\c@subsubsection=\count82
\c@paragraph=\count83
\c@subparagraph=\count84
\c@figure=\count85
\c@table=\count86
\abovecaptionskip=\skip41
\belowcaptionskip=\skip42
\bibindent=\dimen102
)
(/home/staff/paul/Research/Rstuff/r-devel-grid/BUILD/share/texmf/Sweave.sty
(/usr/share/texmf/tex/latex/base/fontenc.sty
Package: fontenc 2001/06/05 v1.94 Standard LaTeX package

(/usr/share/texmf/tex/latex/base/t1enc.def
File: t1enc.def 2001/06/05 v1.94 Standard LaTeX file
LaTeX Font Info:    Redeclaring font encoding T1 on input line 38.
))
(/usr/share/texmf/tex/latex/graphics/graphicx.sty
Package: graphicx 1999/02/16 v1.0f Enhanced LaTeX Graphics (DPC,SPQR)

(/usr/share/texmf/tex/latex/graphics/keyval.sty
Package: keyval 1999/03/16 v1.13 key=value parser (DPC)
\KV@toks@=\toks14
)
(/usr/share/texmf/tex/latex/graphics/graphics.sty
Package: graphics 2001/07/07 v1.0n Standard LaTeX Graphics (DPC,SPQR)

(/usr/share/texmf/tex/latex/graphics/trig.sty
Package: trig 1999/03/16 v1.09 sin cos tan (DPC)
)
(/usr/share/texmf/tex/latex/config/graphics.cfg
File: graphics.cfg 2001/08/31 v1.1 graphics configuration of teTeX/TeXLive
)
Package graphics Info: Driver file: pdftex.def on input line 80.

(/usr/share/texmf/tex/latex/graphics/pdftex.def
File: pdftex.def 2002/06/19 v0.03k graphics/color for pdftex
\Gread@gobject=\count87
))
\Gin@req@height=\dimen103
\Gin@req@width=\dimen104
)
(/usr/share/texmf/tex/latex/ae/ae.sty
Package: ae 2001/02/12 1.3 Almost European Computer Modern

(/usr/share/texmf/tex/latex/base/fontenc.sty
Package: fontenc 2001/06/05 v1.94 Standard LaTeX package

(/usr/share/texmf/tex/latex/base/t1enc.def
File: t1enc.def 2001/06/05 v1.94 Standard LaTeX file
LaTeX Font Info:    Redeclaring font encoding T1 on input line 38.
)
LaTeX Font Info:    Try loading font information for T1+aer on input line 95.

(/usr/share/texmf/tex/latex/ae/t1aer.fd
File: t1aer.fd 1997/11/16 Font definitions for T1/aer.
)))
(/usr/share/texmf/tex/latex/fancyvrb/fancyvrb.sty
Package: fancyvrb 2000/03/21

Style option: `fancyvrb' v2.7, with DG/SPQR fixes <2000/03/21> (tvz)
\FV@CodeLineNo=\count88
\FV@InFile=\read1
\FV@TabBox=\box26
\c@FancyVerbLine=\count89
\FV@StepNumber=\count90
\FV@OutFile=\write3
)
(/home/staff/paul/Research/Rstuff/r-devel-grid/BUILD/share/texmf/upquote.sty
Package: upquote 2003/08/11 v1.1 Covington's upright-quote modification to verb
atim and verb

(/usr/share/texmf/tex/latex/base/textcomp.sty
Package: textcomp 2001/06/05 v1.94 Standard LaTeX package

(/usr/share/texmf/tex/latex/base/ts1enc.def
File: ts1enc.def 2001/06/05 v3.0e (jk/car/fm) Standard LaTeX file
)))) (./gridBase.aux)
\openout1 = `gridBase.aux'.

LaTeX Font Info:    Checking defaults for OML/cmm/m/it on input line 21.
LaTeX Font Info:    ... okay on input line 21.
LaTeX Font Info:    Checking defaults for T1/cmr/m/n on input line 21.
LaTeX Font Info:    ... okay on input line 21.
LaTeX Font Info:    Checking defaults for OT1/cmr/m/n on input line 21.
LaTeX Font Info:    ... okay on input line 21.
LaTeX Font Info:    Checking defaults for OMS/cmsy/m/n on input line 21.
LaTeX Font Info:    ... okay on input line 21.
LaTeX Font Info:    Checking defaults for OMX/cmex/m/n on input line 21.
LaTeX Font Info:    ... okay on input line 21.
LaTeX Font Info:    Checking defaults for U/cmr/m/n on input line 21.
LaTeX Font Info:    ... okay on input line 21.
LaTeX Font Info:    Checking defaults for TS1/cmr/m/n on input line 21.
LaTeX Font Info:    Try loading font information for TS1+cmr on input line 21.

(/usr/share/texmf/tex/latex/base/ts1cmr.fd
File: ts1cmr.fd 1999/05/25 v2.5h Standard LaTeX font definitions
)
LaTeX Font Info:    ... okay on input line 21.

(/usr/share/texmf/tex/context/base/supp-pdf.tex
(/usr/share/texmf/tex/context/base/supp-mis.tex
loading : Context Support Macros / Missing
\protectiondepth=\count91
\scratchcounter=\count92
\scratchtoks=\toks15
\scratchdimen=\dimen105
\scratchskip=\skip43
\scratchmuskip=\muskip10
\scratchbox=\box27
\scratchread=\read2
\scratchwrite=\write4
\zeropoint=\dimen106
\minusone=\count93
\thousandpoint=\dimen107
\emptytoks=\toks16
\nextbox=\box28
\nextdepth=\dimen108
\everyline=\toks17
\!!counta=\count94
\!!countb=\count95
\recursecounter=\count96
)
loading : Context Support Macros / PDF
\nofMPsegments=\count97
\nofMParguments=\count98
\everyMPtoPDFconversion=\toks18
)
LaTeX Font Info:    External font `cmex10' loaded for size
(Font)              <12> on input line 22.
LaTeX Font Info:    External font `cmex10' loaded for size
(Font)              <8> on input line 22.
LaTeX Font Info:    External font `cmex10' loaded for size
(Font)              <6> on input line 22.
LaTeX Font Info:    Try loading font information for T1+aett on input line 24.
 (/usr/share/texmf/tex/latex/ae/t1aett.fd
File: t1aett.fd 1997/11/16 Font definitions for T1/aett.
)
Overfull \hbox (3.16084pt too wide) in paragraph at lines 44--55
/aer10/The /aett10/grid-Base /aer10/pack-age has one func-tion, []/aett10/baseV
iewports()/aer10/, that sup-ports adding
 []

[1

{/usr/share/texmf/dvips/config/pdftex.map}]
<gridBase-005.pdf, id=23, 433.62pt x 433.62pt>
File: gridBase-005.pdf Graphic file (type pdf)
 <use gridBase-005.pdf>
LaTeX Font Info:    External font `cmex10' loaded for size
(Font)              <7> on input line 115.
LaTeX Font Info:    External font `cmex10' loaded for size
(Font)              <5> on input line 115.
 [2 <./gridBase-005.pdf>] <gridBase-009.pdf, id=39, 433.62pt x 433.62pt>
File: gridBase-009.pdf Graphic file (type pdf)

<use gridBase-009.pdf> [3] [4 <./gridBase-009.pdf>]
<gridBase-014.pdf, id=70, 433.62pt x 433.62pt>
File: gridBase-014.pdf Graphic file (type pdf)
 <use gridBase-014.pdf> [5]
[6 <./gridBase-014.pdf>] <gridBase-multiplot.pdf, id=86, 578.16pt x 289.08pt>
File: gridBase-multiplot.pdf Graphic file (type pdf)

<use gridBase-multiplot.pdf>
Overfull \hbox (16.34999pt too wide) in paragraph at lines 325--326
[] 
 []

[7 <./gridBase-multiplot.pdf>] [8]
<gridBase-complex.pdf, id=112, 433.62pt x 433.62pt>
File: gridBase-complex.pdf Graphic file (type pdf)
 <use gridBase-complex.pdf>
[9 <./gridBase-complex.pdf>]
LaTeX Font Info:    Try loading font information for TS1+aer on input line 460.


(/home/staff/paul/Research/Rstuff/r-devel-grid/BUILD/share/texmf/ts1aer.fd
File: ts1aer.fd 
)
LaTeX Font Info:    Font shape `TS1/aer/m/n' in size <10> not available
(Font)              Font shape `TS1/cmr/m/n' tried instead on input line 460.

Overfull \hbox (11.71576pt too wide) in paragraph at lines 475--481
[]/aer10/There are cer-tain base graph-ics func-tions which mod-ify set-tings l
ike []/aett10/par(omi)
 []


Overfull \hbox (26.6985pt too wide) in paragraph at lines 502--509
/aer10/The /aett10/grid-Base /aer10/pack-age is avail-able from []/aett10/CRAN 
/aer10/(e.g., /aett10/http://cran.us.r-project.org/aer10/). 
 []

(./gridBase.bbl) [10] (./gridBase.aux) ) 
Here is how much of TeX's memory you used:
 2041 strings out of 95437
 27810 string characters out of 1188126
 69226 words of memory out of 1000001
 5009 multiletter control sequences out of 10000+50000
 34188 words of font info for 72 fonts, out of 500000 for 1000
 14 hyphenation exceptions out of 1000
 35i,8n,21p,339b,320s stack positions out of 1500i,500n,5000p,200000b,5000s
 134 PDF objects out of 300000
 0 named destinations out of 131072
 25 words of extra memory for PDF output out of 65536
{/usr/share/texmf/dvips/tetex/74afc74c.
enc}</usr/share/texmf/fonts/type1/bluesky/cm/cmti10.pfb>{/usr/share/texmf/dvips
/tetex/f7b6d320.enc}</usr/share/texmf/fonts/type1/bluesky/cm/cmbx10.pfb> </var/
lib/texmf/pk/ljfour/jknappen/tc/tcrm1000.600pk>{/usr/share/texmf/dvips/tetex/aa
e443f0.enc}</usr/share/texmf/fonts/type1/bluesky/cm/cmmi7.pfb></usr/share/texmf
/fonts/type1/bluesky/cm/cmex10.pfb></usr/share/texmf/fonts/type1/bluesky/cm/cmm
i8.pfb>{/usr/share/texmf/dvips/tetex/09fbbfac.enc}</usr/share/texmf/fonts/type1
/bluesky/cm/cmtt8.pfb></usr/share/texmf/fonts/type1/bluesky/cm/cmr8.pfb></usr/s
hare/texmf/fonts/type1/bluesky/cm/cmr6.pfb></usr/share/texmf/fonts/type1/bluesk
y/cm/cmmi10.pfb></usr/share/texmf/fonts/type1/bluesky/cm/cmr7.pfb></usr/share/t
exmf/fonts/type1/bluesky/cm/cmsltt10.pfb></usr/share/texmf/fonts/type1/bluesky/
cm/cmtt12.pfb></usr/share/texmf/fonts/type1/bluesky/cm/cmbx12.pfb></usr/share/t
exmf/fonts/type1/bluesky/cm/cmtt10.pfb></usr/share/texmf/fonts/type1/bluesky/cm
/cmr10.pfb></usr/share/texmf/fonts/type1/bluesky/cm/cmr12.pfb></usr/share/texmf
/fonts/type1/bluesky/cm/cmr17.pfb>
Output written on gridBase.pdf (10 pages, 210950 bytes).
